
./build/target/image.elf:     file format elf32-littleriscv


Disassembly of section .text:

40000000 <_entry>:
40000000:	00002697          	auipc	a3,0x2
40000004:	b3068693          	addi	a3,a3,-1232 # 40001b30 <first_free>
40000008:	00002617          	auipc	a2,0x2
4000000c:	b9460613          	addi	a2,a2,-1132 # 40001b9c <_ebss>
40000010:	00002197          	auipc	gp,0x2
40000014:	31818193          	addi	gp,gp,792 # 40002328 <_gp>
40000018:	00008117          	auipc	sp,0x8
4000001c:	fe810113          	addi	sp,sp,-24 # 40008000 <_stack>
40000020:	00002217          	auipc	tp,0x2
40000024:	bbb20213          	addi	tp,tp,-1093 # 40001bdb <_ebss+0x3f>
40000028:	fc027213          	andi	tp,tp,-64

4000002c <BSS_CLEAR>:
4000002c:	0006a023          	sw	zero,0(a3)
40000030:	00468693          	addi	a3,a3,4
40000034:	fec6cce3          	blt	a3,a2,4000002c <BSS_CLEAR>
40000038:	00000297          	auipc	t0,0x0
4000003c:	0c828293          	addi	t0,t0,200 # 40000100 <_isr>
40000040:	f0000337          	lui	t1,0xf0000
40000044:	00532023          	sw	t0,0(t1) # f0000000 <_stack+0xafff8000>
40000048:	4e4000ef          	jal	ra,4000052c <irq_enable>
4000004c:	269000ef          	jal	ra,40000ab4 <main>
40000050:	e00002b7          	lui	t0,0xe0000
40000054:	00a2a023          	sw	a0,0(t0) # e0000000 <_stack+0x9fff8000>

40000058 <L1>:
40000058:	00000063          	beq	zero,zero,40000058 <L1>
	...

400000e0 <_bootsignature>:
400000e0:	6bb1                	c.lui	s7,0xc
400000e2:	b500                	c.fsd	fs0,40(a0)
	...

40000100 <_isr>:
40000100:	00000013          	addi	zero,zero,0
40000104:	fd810113          	addi	sp,sp,-40
40000108:	00112023          	sw	ra,0(sp)
4000010c:	00512223          	sw	t0,4(sp)
40000110:	00612423          	sw	t1,8(sp)
40000114:	00712623          	sw	t2,12(sp)
40000118:	00a12823          	sw	a0,16(sp)
4000011c:	00b12a23          	sw	a1,20(sp)
40000120:	00c12c23          	sw	a2,24(sp)
40000124:	00d12e23          	sw	a3,28(sp)
40000128:	02e12023          	sw	a4,32(sp)
4000012c:	f00007b7          	lui	a5,0xf0000
40000130:	04078793          	addi	a5,a5,64 # f0000040 <_stack+0xafff8040>
40000134:	0007a783          	lw	a5,0(a5)
40000138:	ffc78793          	addi	a5,a5,-4
4000013c:	02f12223          	sw	a5,36(sp)
40000140:	f00005b7          	lui	a1,0xf0000
40000144:	0105a503          	lw	a0,16(a1) # f0000010 <_stack+0xafff8010>
40000148:	0205a603          	lw	a2,32(a1)
4000014c:	00c57533          	and	a0,a0,a2
40000150:	00010593          	addi	a1,sp,0
40000154:	3ec000ef          	jal	ra,40000540 <irq_handler>
40000158:	00012083          	lw	ra,0(sp)
4000015c:	00412283          	lw	t0,4(sp)
40000160:	00812303          	lw	t1,8(sp)
40000164:	00c12383          	lw	t2,12(sp)
40000168:	01012503          	lw	a0,16(sp)
4000016c:	01412583          	lw	a1,20(sp)
40000170:	01812603          	lw	a2,24(sp)
40000174:	01c12683          	lw	a3,28(sp)
40000178:	02012703          	lw	a4,32(sp)
4000017c:	f00007b7          	lui	a5,0xf0000
40000180:	03078793          	addi	a5,a5,48 # f0000030 <_stack+0xafff8030>
40000184:	0017e793          	ori	a5,a5,1
40000188:	02810113          	addi	sp,sp,40
4000018c:	00f78023          	sb	a5,0(a5)
40000190:	ffc12783          	lw	a5,-4(sp)
40000194:	00078067          	jalr	zero,0(a5)

40000198 <_interrupt_set>:
40000198:	f00005b7          	lui	a1,0xf0000
4000019c:	03058593          	addi	a1,a1,48 # f0000030 <_stack+0xafff8030>
400001a0:	0005a603          	lw	a2,0(a1)
400001a4:	00a5a023          	sw	a0,0(a1)
400001a8:	00060513          	addi	a0,a2,0
400001ac:	00008067          	jalr	zero,0(ra)

400001b0 <setjmp>:
400001b0:	00852023          	sw	s0,0(a0)
400001b4:	00952223          	sw	s1,4(a0)
400001b8:	00352423          	sw	gp,8(a0)
400001bc:	00452623          	sw	tp,12(a0)
400001c0:	00252823          	sw	sp,16(a0)
400001c4:	00152a23          	sw	ra,20(a0)
400001c8:	00006513          	ori	a0,zero,0
400001cc:	00008067          	jalr	zero,0(ra)

400001d0 <longjmp>:
400001d0:	00052403          	lw	s0,0(a0)
400001d4:	00452483          	lw	s1,4(a0)
400001d8:	00852183          	lw	gp,8(a0)
400001dc:	00c52203          	lw	tp,12(a0)
400001e0:	01052103          	lw	sp,16(a0)
400001e4:	01452083          	lw	ra,20(a0)
400001e8:	0005e513          	ori	a0,a1,0
400001ec:	00008067          	jalr	zero,0(ra)

400001f0 <_dispatch_init>:
400001f0:	00052403          	lw	s0,0(a0)
400001f4:	00452483          	lw	s1,4(a0)
400001f8:	00852183          	lw	gp,8(a0)
400001fc:	00c52203          	lw	tp,12(a0)
40000200:	01052103          	lw	sp,16(a0)
40000204:	01452083          	lw	ra,20(a0)
40000208:	f00007b7          	lui	a5,0xf0000
4000020c:	03078793          	addi	a5,a5,48 # f0000030 <_stack+0xafff8030>
40000210:	0017e793          	ori	a5,a5,1
40000214:	00f78023          	sb	a5,0(a5)
40000218:	00008067          	jalr	zero,0(ra)

4000021c <syscall>:
4000021c:	00000073          	ecall
40000220:	00008067          	jalr	zero,0(ra)

40000224 <task0_periodic>:
40000224:	0000006f          	jal	zero,40000224 <task0_periodic>

40000228 <task1_periodic>:
40000228:	0000006f          	jal	zero,40000228 <task1_periodic>

4000022c <task2_periodic>:
4000022c:	0000006f          	jal	zero,4000022c <task2_periodic>

40000230 <task3_periodic>:
40000230:	0000006f          	jal	zero,40000230 <task3_periodic>

40000234 <task4_periodic>:
40000234:	0000006f          	jal	zero,40000234 <task4_periodic>

40000238 <task_be>:
40000238:	00008067          	jalr	zero,0(ra)

4000023c <app_main>:
4000023c:	ff410113          	addi	sp,sp,-12
40000240:	00812223          	sw	s0,4(sp)
40000244:	40000537          	lui	a0,0x40000
40000248:	00001437          	lui	s0,0x1
4000024c:	80040593          	addi	a1,s0,-2048 # 800 <_stack_size>
40000250:	00800713          	addi	a4,zero,8
40000254:	00100693          	addi	a3,zero,1
40000258:	00800613          	addi	a2,zero,8
4000025c:	22450513          	addi	a0,a0,548 # 40000224 <task0_periodic>
40000260:	00112423          	sw	ra,8(sp)
40000264:	749000ef          	jal	ra,400011ac <ucx_task_add_periodic>
40000268:	40000537          	lui	a0,0x40000
4000026c:	80040593          	addi	a1,s0,-2048
40000270:	00700713          	addi	a4,zero,7
40000274:	00200693          	addi	a3,zero,2
40000278:	00700613          	addi	a2,zero,7
4000027c:	22850513          	addi	a0,a0,552 # 40000228 <task1_periodic>
40000280:	72d000ef          	jal	ra,400011ac <ucx_task_add_periodic>
40000284:	40000537          	lui	a0,0x40000
40000288:	80040593          	addi	a1,s0,-2048
4000028c:	00600713          	addi	a4,zero,6
40000290:	00300693          	addi	a3,zero,3
40000294:	00600613          	addi	a2,zero,6
40000298:	22c50513          	addi	a0,a0,556 # 4000022c <task2_periodic>
4000029c:	711000ef          	jal	ra,400011ac <ucx_task_add_periodic>
400002a0:	40000537          	lui	a0,0x40000
400002a4:	80040593          	addi	a1,s0,-2048
400002a8:	00600713          	addi	a4,zero,6
400002ac:	00200693          	addi	a3,zero,2
400002b0:	00600613          	addi	a2,zero,6
400002b4:	23050513          	addi	a0,a0,560 # 40000230 <task3_periodic>
400002b8:	6f5000ef          	jal	ra,400011ac <ucx_task_add_periodic>
400002bc:	40000537          	lui	a0,0x40000
400002c0:	80040593          	addi	a1,s0,-2048
400002c4:	00500713          	addi	a4,zero,5
400002c8:	00100693          	addi	a3,zero,1
400002cc:	00500613          	addi	a2,zero,5
400002d0:	23450513          	addi	a0,a0,564 # 40000234 <task4_periodic>
400002d4:	6d9000ef          	jal	ra,400011ac <ucx_task_add_periodic>
400002d8:	40000537          	lui	a0,0x40000
400002dc:	80040593          	addi	a1,s0,-2048
400002e0:	23850513          	addi	a0,a0,568 # 40000238 <task_be>
400002e4:	0c0010ef          	jal	ra,400013a4 <ucx_task_add>
400002e8:	00812083          	lw	ra,8(sp)
400002ec:	00412403          	lw	s0,4(sp)
400002f0:	00100513          	addi	a0,zero,1
400002f4:	00c10113          	addi	sp,sp,12
400002f8:	00008067          	jalr	zero,0(ra)

400002fc <dummy_handler>:
400002fc:	40001537          	lui	a0,0x40001
40000300:	77c50513          	addi	a0,a0,1916 # 4000177c <_etext>
40000304:	7700006f          	jal	zero,40000a74 <ucx_printf>

40000308 <irq0_handler>:
40000308:	e1000737          	lui	a4,0xe1000
4000030c:	40072703          	lw	a4,1024(a4) # e1000400 <_stack+0xa0ff8400>
40000310:	fec10113          	addi	sp,sp,-20
40000314:	00812623          	sw	s0,12(sp)
40000318:	00912423          	sw	s1,8(sp)
4000031c:	00112823          	sw	ra,16(sp)
40000320:	02000493          	addi	s1,zero,32
40000324:	00100413          	addi	s0,zero,1
40000328:	e1000737          	lui	a4,0xe1000
4000032c:	40072683          	lw	a3,1024(a4) # e1000400 <_stack+0xa0ff8400>
40000330:	00141413          	slli	s0,s0,0x1
40000334:	04068c63          	beq	a3,zero,4000038c <irq0_handler+0x84>
40000338:	fff48493          	addi	s1,s1,-1
4000033c:	04048863          	beq	s1,zero,4000038c <irq0_handler+0x84>
40000340:	40072703          	lw	a4,1024(a4)
40000344:	02000693          	addi	a3,zero,32
40000348:	00877733          	and	a4,a4,s0
4000034c:	00e6ee63          	bltu	a3,a4,40000368 <irq0_handler+0x60>
40000350:	400016b7          	lui	a3,0x40001
40000354:	00271713          	slli	a4,a4,0x2
40000358:	7ac68693          	addi	a3,a3,1964 # 400017ac <_etext+0x30>
4000035c:	00d70733          	add	a4,a4,a3
40000360:	00072703          	lw	a4,0(a4)
40000364:	00070067          	jalr	zero,0(a4)
40000368:	e1000737          	lui	a4,0xe1000
4000036c:	40072583          	lw	a1,1024(a4) # e1000400 <_stack+0xa0ff8400>
40000370:	40001737          	lui	a4,0x40001
40000374:	78470513          	addi	a0,a4,1924 # 40001784 <_etext+0x8>
40000378:	6fc000ef          	jal	ra,40000a74 <ucx_printf>
4000037c:	e1000737          	lui	a4,0xe1000
40000380:	40072683          	lw	a3,1024(a4) # e1000400 <_stack+0xa0ff8400>
40000384:	00141413          	slli	s0,s0,0x1
40000388:	fa0698e3          	bne	a3,zero,40000338 <irq0_handler+0x30>
4000038c:	01012083          	lw	ra,16(sp)
40000390:	00c12403          	lw	s0,12(sp)
40000394:	00812483          	lw	s1,8(sp)
40000398:	01410113          	addi	sp,sp,20
4000039c:	00008067          	jalr	zero,0(ra)
400003a0:	e10216b7          	lui	a3,0xe1021
400003a4:	e1020737          	lui	a4,0xe1020
400003a8:	40072703          	lw	a4,1024(a4) # e1020400 <_stack+0xa1018400>
400003ac:	8006a583          	lw	a1,-2048(a3) # e1020800 <_stack+0xa1018800>
400003b0:	c006a603          	lw	a2,-1024(a3)
400003b4:	00000693          	addi	a3,zero,0
400003b8:	00b74733          	xor	a4,a4,a1
400003bc:	00c77733          	and	a4,a4,a2
400003c0:	00177613          	andi	a2,a4,1
400003c4:	04060263          	beq	a2,zero,40000408 <irq0_handler+0x100>
400003c8:	00e12223          	sw	a4,4(sp)
400003cc:	e1021537          	lui	a0,0xe1021
400003d0:	40002737          	lui	a4,0x40002
400003d4:	80052303          	lw	t1,-2048(a0) # e1020800 <_stack+0xa1018800>
400003d8:	00269613          	slli	a2,a3,0x2
400003dc:	ae870593          	addi	a1,a4,-1304 # 40001ae8 <timer_vector>
400003e0:	00c585b3          	add	a1,a1,a2
400003e4:	00100613          	addi	a2,zero,1
400003e8:	00d61633          	sll	a2,a2,a3
400003ec:	0005a583          	lw	a1,0(a1)
400003f0:	00d12023          	sw	a3,0(sp)
400003f4:	00664633          	xor	a2,a2,t1
400003f8:	80c52023          	sw	a2,-2048(a0)
400003fc:	000580e7          	jalr	ra,0(a1)
40000400:	00412703          	lw	a4,4(sp)
40000404:	00012683          	lw	a3,0(sp)
40000408:	00175713          	srli	a4,a4,0x1
4000040c:	00168693          	addi	a3,a3,1
40000410:	fa0718e3          	bne	a4,zero,400003c0 <irq0_handler+0xb8>
40000414:	f15ff06f          	jal	zero,40000328 <irq0_handler+0x20>
40000418:	e10116b7          	lui	a3,0xe1011
4000041c:	e1010737          	lui	a4,0xe1010
40000420:	40072703          	lw	a4,1024(a4) # e1010400 <_stack+0xa1008400>
40000424:	8006a583          	lw	a1,-2048(a3) # e1010800 <_stack+0xa1008800>
40000428:	c006a603          	lw	a2,-1024(a3)
4000042c:	00000693          	addi	a3,zero,0
40000430:	00b74733          	xor	a4,a4,a1
40000434:	00c77733          	and	a4,a4,a2
40000438:	05c0006f          	jal	zero,40000494 <irq0_handler+0x18c>
4000043c:	e10145b7          	lui	a1,0xe1014
40000440:	4205a603          	lw	a2,1056(a1) # e1014420 <_stack+0xa100c420>
40000444:	4305a283          	lw	t0,1072(a1)
40000448:	4405a303          	lw	t1,1088(a1)
4000044c:	4305a503          	lw	a0,1072(a1)
40000450:	00564633          	xor	a2,a2,t0
40000454:	00667633          	and	a2,a2,t1
40000458:	00a64633          	xor	a2,a2,a0
4000045c:	42c5a823          	sw	a2,1072(a1)
40000460:	00e12223          	sw	a4,4(sp)
40000464:	40002737          	lui	a4,0x40002
40000468:	ab870613          	addi	a2,a4,-1352 # 40001ab8 <gpio_vector>
4000046c:	00269593          	slli	a1,a3,0x2
40000470:	00b60633          	add	a2,a2,a1
40000474:	00062603          	lw	a2,0(a2)
40000478:	00d12023          	sw	a3,0(sp)
4000047c:	000600e7          	jalr	ra,0(a2)
40000480:	00412703          	lw	a4,4(sp)
40000484:	00012683          	lw	a3,0(sp)
40000488:	00175713          	srli	a4,a4,0x1
4000048c:	00168693          	addi	a3,a3,1
40000490:	e8070ce3          	beq	a4,zero,40000328 <irq0_handler+0x20>
40000494:	00177613          	andi	a2,a4,1
40000498:	fe0608e3          	beq	a2,zero,40000488 <irq0_handler+0x180>
4000049c:	00200613          	addi	a2,zero,2
400004a0:	06c68263          	beq	a3,a2,40000504 <irq0_handler+0x1fc>
400004a4:	02d66863          	bltu	a2,a3,400004d4 <irq0_handler+0x1cc>
400004a8:	f8069ae3          	bne	a3,zero,4000043c <irq0_handler+0x134>
400004ac:	e10145b7          	lui	a1,0xe1014
400004b0:	0205a603          	lw	a2,32(a1) # e1014020 <_stack+0xa100c020>
400004b4:	0305a283          	lw	t0,48(a1)
400004b8:	0405a303          	lw	t1,64(a1)
400004bc:	0305a503          	lw	a0,48(a1)
400004c0:	00564633          	xor	a2,a2,t0
400004c4:	00667633          	and	a2,a2,t1
400004c8:	00a64633          	xor	a2,a2,a0
400004cc:	02c5a823          	sw	a2,48(a1)
400004d0:	f91ff06f          	jal	zero,40000460 <irq0_handler+0x158>
400004d4:	00300613          	addi	a2,zero,3
400004d8:	f8c694e3          	bne	a3,a2,40000460 <irq0_handler+0x158>
400004dc:	e10155b7          	lui	a1,0xe1015
400004e0:	c205a603          	lw	a2,-992(a1) # e1014c20 <_stack+0xa100cc20>
400004e4:	c305a283          	lw	t0,-976(a1)
400004e8:	c405a303          	lw	t1,-960(a1)
400004ec:	c305a503          	lw	a0,-976(a1)
400004f0:	00564633          	xor	a2,a2,t0
400004f4:	00667633          	and	a2,a2,t1
400004f8:	00a64633          	xor	a2,a2,a0
400004fc:	c2c5a823          	sw	a2,-976(a1)
40000500:	f61ff06f          	jal	zero,40000460 <irq0_handler+0x158>
40000504:	e10155b7          	lui	a1,0xe1015
40000508:	8205a603          	lw	a2,-2016(a1) # e1014820 <_stack+0xa100c820>
4000050c:	8305a283          	lw	t0,-2000(a1)
40000510:	8405a303          	lw	t1,-1984(a1)
40000514:	8305a503          	lw	a0,-2000(a1)
40000518:	00564633          	xor	a2,a2,t0
4000051c:	00667633          	and	a2,a2,t1
40000520:	00a64633          	xor	a2,a2,a0
40000524:	82c5a823          	sw	a2,-2000(a1)
40000528:	f39ff06f          	jal	zero,40000460 <irq0_handler+0x158>

4000052c <irq_enable>:
4000052c:	f0000737          	lui	a4,0xf0000
40000530:	00100693          	addi	a3,zero,1
40000534:	02d72023          	sw	a3,32(a4) # f0000020 <_stack+0xafff8020>
40000538:	02d72823          	sw	a3,48(a4)
4000053c:	00008067          	jalr	zero,0(ra)

40000540 <irq_handler>:
40000540:	ff410113          	addi	sp,sp,-12
40000544:	00912023          	sw	s1,0(sp)
40000548:	400024b7          	lui	s1,0x40002
4000054c:	00812223          	sw	s0,4(sp)
40000550:	00112423          	sw	ra,8(sp)
40000554:	00050413          	addi	s0,a0,0
40000558:	ac848493          	addi	s1,s1,-1336 # 40001ac8 <irq_vector>
4000055c:	00147713          	andi	a4,s0,1
40000560:	00145413          	srli	s0,s0,0x1
40000564:	00070863          	beq	a4,zero,40000574 <irq_handler+0x34>
40000568:	0004a703          	lw	a4,0(s1)
4000056c:	00070463          	beq	a4,zero,40000574 <irq_handler+0x34>
40000570:	000700e7          	jalr	ra,0(a4)
40000574:	00448493          	addi	s1,s1,4
40000578:	fe0412e3          	bne	s0,zero,4000055c <irq_handler+0x1c>
4000057c:	00812083          	lw	ra,8(sp)
40000580:	00412403          	lw	s0,4(sp)
40000584:	00012483          	lw	s1,0(sp)
40000588:	00c10113          	addi	sp,sp,12
4000058c:	00008067          	jalr	zero,0(ra)

40000590 <ucx_vsprintf>:
40000590:	fc410113          	addi	sp,sp,-60
40000594:	02812a23          	sw	s0,52(sp)
40000598:	02112c23          	sw	ra,56(sp)
4000059c:	02912823          	sw	s1,48(sp)
400005a0:	0005c683          	lbu	a3,0(a1)
400005a4:	00050313          	addi	t1,a0,0
400005a8:	00c12423          	sw	a2,8(sp)
400005ac:	00058713          	addi	a4,a1,0
400005b0:	00068513          	addi	a0,a3,0
400005b4:	00030413          	addi	s0,t1,0
400005b8:	08068463          	beq	a3,zero,40000640 <ucx_vsprintf+0xb0>
400005bc:	02500693          	addi	a3,zero,37
400005c0:	04d51c63          	bne	a0,a3,40000618 <ucx_vsprintf+0x88>
400005c4:	00174603          	lbu	a2,1(a4)
400005c8:	03000693          	addi	a3,zero,48
400005cc:	2ed60463          	beq	a2,a3,400008b4 <ucx_vsprintf+0x324>
400005d0:	02000693          	addi	a3,zero,32
400005d4:	fd060593          	addi	a1,a2,-48
400005d8:	00d12623          	sw	a3,12(sp)
400005dc:	0ff5f593          	andi	a1,a1,255
400005e0:	00900513          	addi	a0,zero,9
400005e4:	00170713          	addi	a4,a4,1
400005e8:	fff00693          	addi	a3,zero,-1
400005ec:	2eb57663          	bgeu	a0,a1,400008d8 <ucx_vsprintf+0x348>
400005f0:	fa860613          	addi	a2,a2,-88
400005f4:	0ff67613          	andi	a2,a2,255
400005f8:	02000593          	addi	a1,zero,32
400005fc:	02c5ea63          	bltu	a1,a2,40000630 <ucx_vsprintf+0xa0>
40000600:	400025b7          	lui	a1,0x40002
40000604:	00261613          	slli	a2,a2,0x2
40000608:	84c58593          	addi	a1,a1,-1972 # 4000184c <_etext+0xd0>
4000060c:	00b60633          	add	a2,a2,a1
40000610:	00062603          	lw	a2,0(a2)
40000614:	00060067          	jalr	zero,0(a2)
40000618:	2e040e63          	beq	s0,zero,40000914 <ucx_vsprintf+0x384>
4000061c:	00042683          	lw	a3,0(s0)
40000620:	00a68023          	sb	a0,0(a3)
40000624:	00042683          	lw	a3,0(s0)
40000628:	00168693          	addi	a3,a3,1
4000062c:	00d42023          	sw	a3,0(s0)
40000630:	00174503          	lbu	a0,1(a4)
40000634:	00170713          	addi	a4,a4,1
40000638:	f80512e3          	bne	a0,zero,400005bc <ucx_vsprintf+0x2c>
4000063c:	00040313          	addi	t1,s0,0
40000640:	00030c63          	beq	t1,zero,40000658 <ucx_vsprintf+0xc8>
40000644:	00032703          	lw	a4,0(t1)
40000648:	00070023          	sb	zero,0(a4)
4000064c:	00032703          	lw	a4,0(t1)
40000650:	00170713          	addi	a4,a4,1
40000654:	00e32023          	sw	a4,0(t1)
40000658:	03812083          	lw	ra,56(sp)
4000065c:	03412403          	lw	s0,52(sp)
40000660:	03012483          	lw	s1,48(sp)
40000664:	00000513          	addi	a0,zero,0
40000668:	03c10113          	addi	sp,sp,60
4000066c:	00008067          	jalr	zero,0(ra)
40000670:	00812583          	lw	a1,8(sp)
40000674:	0005a603          	lw	a2,0(a1)
40000678:	00458313          	addi	t1,a1,4
4000067c:	01000593          	addi	a1,zero,16
40000680:	0c061c63          	bne	a2,zero,40000758 <ucx_vsprintf+0x1c8>
40000684:	03000593          	addi	a1,zero,48
40000688:	00612423          	sw	t1,8(sp)
4000068c:	02b10023          	sb	a1,32(sp)
40000690:	03000313          	addi	t1,zero,48
40000694:	00100513          	addi	a0,zero,1
40000698:	40a686b3          	sub	a3,a3,a0
4000069c:	fff68493          	addi	s1,a3,-1
400006a0:	fff00593          	addi	a1,zero,-1
400006a4:	04d05663          	bge	zero,a3,400006f0 <ucx_vsprintf+0x160>
400006a8:	00e12a23          	sw	a4,20(sp)
400006ac:	00040713          	addi	a4,s0,0
400006b0:	00048413          	addi	s0,s1,0
400006b4:	00c12483          	lw	s1,12(sp)
400006b8:	00c12223          	sw	a2,4(sp)
400006bc:	00612823          	sw	t1,16(sp)
400006c0:	16070663          	beq	a4,zero,4000082c <ucx_vsprintf+0x29c>
400006c4:	00072603          	lw	a2,0(a4)
400006c8:	00960023          	sb	s1,0(a2)
400006cc:	00072603          	lw	a2,0(a4)
400006d0:	00160613          	addi	a2,a2,1
400006d4:	00c72023          	sw	a2,0(a4)
400006d8:	fff40413          	addi	s0,s0,-1
400006dc:	feb412e3          	bne	s0,a1,400006c0 <ucx_vsprintf+0x130>
400006e0:	00070413          	addi	s0,a4,0
400006e4:	00412603          	lw	a2,4(sp)
400006e8:	01012303          	lw	t1,16(sp)
400006ec:	01412703          	lw	a4,20(sp)
400006f0:	00060493          	addi	s1,a2,0
400006f4:	00030513          	addi	a0,t1,0
400006f8:	02040a63          	beq	s0,zero,4000072c <ucx_vsprintf+0x19c>
400006fc:	00042683          	lw	a3,0(s0)
40000700:	00a68023          	sb	a0,0(a3)
40000704:	00042683          	lw	a3,0(s0)
40000708:	00168693          	addi	a3,a3,1
4000070c:	00d42023          	sw	a3,0(s0)
40000710:	fff48693          	addi	a3,s1,-1
40000714:	f0905ee3          	bge	zero,s1,40000630 <ucx_vsprintf+0xa0>
40000718:	01f48613          	addi	a2,s1,31
4000071c:	00260633          	add	a2,a2,sp
40000720:	00064503          	lbu	a0,0(a2)
40000724:	00068493          	addi	s1,a3,0
40000728:	fc041ae3          	bne	s0,zero,400006fc <ucx_vsprintf+0x16c>
4000072c:	fe0502e3          	beq	a0,zero,40000710 <ucx_vsprintf+0x180>
40000730:	00e12023          	sw	a4,0(sp)
40000734:	7ad000ef          	jal	ra,400016e0 <_putchar>
40000738:	00012703          	lw	a4,0(sp)
4000073c:	fd5ff06f          	jal	zero,40000710 <ucx_vsprintf+0x180>
40000740:	00812583          	lw	a1,8(sp)
40000744:	0005a603          	lw	a2,0(a1)
40000748:	00458313          	addi	t1,a1,4
4000074c:	1e064263          	blt	a2,zero,40000930 <ucx_vsprintf+0x3a0>
40000750:	00a00593          	addi	a1,zero,10
40000754:	f20608e3          	beq	a2,zero,40000684 <ucx_vsprintf+0xf4>
40000758:	00612423          	sw	t1,8(sp)
4000075c:	00060493          	addi	s1,a2,0
40000760:	1fc0006f          	jal	zero,4000095c <ucx_vsprintf+0x3cc>
40000764:	00812683          	lw	a3,8(sp)
40000768:	0006a503          	lw	a0,0(a3)
4000076c:	00468693          	addi	a3,a3,4
40000770:	2a040063          	beq	s0,zero,40000a10 <ucx_vsprintf+0x480>
40000774:	00042603          	lw	a2,0(s0)
40000778:	00d12423          	sw	a3,8(sp)
4000077c:	00170713          	addi	a4,a4,1
40000780:	00a60023          	sb	a0,0(a2)
40000784:	00042683          	lw	a3,0(s0)
40000788:	00168693          	addi	a3,a3,1
4000078c:	00d42023          	sw	a3,0(s0)
40000790:	00074503          	lbu	a0,0(a4)
40000794:	e20514e3          	bne	a0,zero,400005bc <ucx_vsprintf+0x2c>
40000798:	ea5ff06f          	jal	zero,4000063c <ucx_vsprintf+0xac>
4000079c:	00812583          	lw	a1,8(sp)
400007a0:	0005a603          	lw	a2,0(a1)
400007a4:	00458313          	addi	t1,a1,4
400007a8:	00a00593          	addi	a1,zero,10
400007ac:	fa9ff06f          	jal	zero,40000754 <ucx_vsprintf+0x1c4>
400007b0:	00812603          	lw	a2,8(sp)
400007b4:	00062483          	lw	s1,0(a2)
400007b8:	00460613          	addi	a2,a2,4
400007bc:	00c12423          	sw	a2,8(sp)
400007c0:	24048063          	beq	s1,zero,40000a00 <ucx_vsprintf+0x470>
400007c4:	0004c503          	lbu	a0,0(s1)
400007c8:	08050e63          	beq	a0,zero,40000864 <ucx_vsprintf+0x2d4>
400007cc:	e60682e3          	beq	a3,zero,40000630 <ucx_vsprintf+0xa0>
400007d0:	00e12223          	sw	a4,4(sp)
400007d4:	06040863          	beq	s0,zero,40000844 <ucx_vsprintf+0x2b4>
400007d8:	00042603          	lw	a2,0(s0)
400007dc:	00148493          	addi	s1,s1,1
400007e0:	fff68693          	addi	a3,a3,-1
400007e4:	00a60023          	sb	a0,0(a2)
400007e8:	00042603          	lw	a2,0(s0)
400007ec:	00160613          	addi	a2,a2,1
400007f0:	00c42023          	sw	a2,0(s0)
400007f4:	0004c503          	lbu	a0,0(s1)
400007f8:	06050463          	beq	a0,zero,40000860 <ucx_vsprintf+0x2d0>
400007fc:	fc069ce3          	bne	a3,zero,400007d4 <ucx_vsprintf+0x244>
40000800:	00412703          	lw	a4,4(sp)
40000804:	00174503          	lbu	a0,1(a4)
40000808:	00170713          	addi	a4,a4,1
4000080c:	da0518e3          	bne	a0,zero,400005bc <ucx_vsprintf+0x2c>
40000810:	e2dff06f          	jal	zero,4000063c <ucx_vsprintf+0xac>
40000814:	00812583          	lw	a1,8(sp)
40000818:	00170713          	addi	a4,a4,1
4000081c:	0005a603          	lw	a2,0(a1)
40000820:	00458313          	addi	t1,a1,4
40000824:	00a00593          	addi	a1,zero,10
40000828:	e59ff06f          	jal	zero,40000680 <ucx_vsprintf+0xf0>
4000082c:	00048513          	addi	a0,s1,0
40000830:	00e12023          	sw	a4,0(sp)
40000834:	6ad000ef          	jal	ra,400016e0 <_putchar>
40000838:	00012703          	lw	a4,0(sp)
4000083c:	fff00593          	addi	a1,zero,-1
40000840:	e99ff06f          	jal	zero,400006d8 <ucx_vsprintf+0x148>
40000844:	00d12023          	sw	a3,0(sp)
40000848:	699000ef          	jal	ra,400016e0 <_putchar>
4000084c:	00012683          	lw	a3,0(sp)
40000850:	0014c503          	lbu	a0,1(s1)
40000854:	00148493          	addi	s1,s1,1
40000858:	fff68693          	addi	a3,a3,-1
4000085c:	fa0510e3          	bne	a0,zero,400007fc <ucx_vsprintf+0x26c>
40000860:	00412703          	lw	a4,4(sp)
40000864:	fff68613          	addi	a2,a3,-1
40000868:	fff00493          	addi	s1,zero,-1
4000086c:	dcd052e3          	bge	zero,a3,40000630 <ucx_vsprintf+0xa0>
40000870:	00e12823          	sw	a4,16(sp)
40000874:	00040713          	addi	a4,s0,0
40000878:	00c12403          	lw	s0,12(sp)
4000087c:	16070463          	beq	a4,zero,400009e4 <ucx_vsprintf+0x454>
40000880:	00072683          	lw	a3,0(a4)
40000884:	00868023          	sb	s0,0(a3)
40000888:	00072683          	lw	a3,0(a4)
4000088c:	00168693          	addi	a3,a3,1
40000890:	00d72023          	sw	a3,0(a4)
40000894:	fff60613          	addi	a2,a2,-1
40000898:	fe9612e3          	bne	a2,s1,4000087c <ucx_vsprintf+0x2ec>
4000089c:	00070413          	addi	s0,a4,0
400008a0:	01012703          	lw	a4,16(sp)
400008a4:	00174503          	lbu	a0,1(a4)
400008a8:	00170713          	addi	a4,a4,1
400008ac:	d00518e3          	bne	a0,zero,400005bc <ucx_vsprintf+0x2c>
400008b0:	d8dff06f          	jal	zero,4000063c <ucx_vsprintf+0xac>
400008b4:	00274603          	lbu	a2,2(a4)
400008b8:	03000693          	addi	a3,zero,48
400008bc:	00d12623          	sw	a3,12(sp)
400008c0:	fd060593          	addi	a1,a2,-48
400008c4:	0ff5f593          	andi	a1,a1,255
400008c8:	00900513          	addi	a0,zero,9
400008cc:	00270713          	addi	a4,a4,2
400008d0:	fff00693          	addi	a3,zero,-1
400008d4:	d0b56ee3          	bltu	a0,a1,400005f0 <ucx_vsprintf+0x60>
400008d8:	00000693          	addi	a3,zero,0
400008dc:	00900593          	addi	a1,zero,9
400008e0:	00068313          	addi	t1,a3,0
400008e4:	00231693          	slli	a3,t1,0x2
400008e8:	006686b3          	add	a3,a3,t1
400008ec:	00170713          	addi	a4,a4,1
400008f0:	00169693          	slli	a3,a3,0x1
400008f4:	00c686b3          	add	a3,a3,a2
400008f8:	00074603          	lbu	a2,0(a4)
400008fc:	fd068313          	addi	t1,a3,-48
40000900:	fd060513          	addi	a0,a2,-48
40000904:	0ff57513          	andi	a0,a0,255
40000908:	fca5fee3          	bgeu	a1,a0,400008e4 <ucx_vsprintf+0x354>
4000090c:	00030693          	addi	a3,t1,0
40000910:	ce1ff06f          	jal	zero,400005f0 <ucx_vsprintf+0x60>
40000914:	00e12023          	sw	a4,0(sp)
40000918:	5c9000ef          	jal	ra,400016e0 <_putchar>
4000091c:	00012703          	lw	a4,0(sp)
40000920:	00174503          	lbu	a0,1(a4)
40000924:	00170713          	addi	a4,a4,1
40000928:	c8051ae3          	bne	a0,zero,400005bc <ucx_vsprintf+0x2c>
4000092c:	d11ff06f          	jal	zero,4000063c <ucx_vsprintf+0xac>
40000930:	40c004b3          	sub	s1,zero,a2
40000934:	0e040e63          	beq	s0,zero,40000a30 <ucx_vsprintf+0x4a0>
40000938:	00042603          	lw	a2,0(s0)
4000093c:	02d00593          	addi	a1,zero,45
40000940:	00b60023          	sb	a1,0(a2)
40000944:	00042603          	lw	a2,0(s0)
40000948:	00160613          	addi	a2,a2,1
4000094c:	00c42023          	sw	a2,0(s0)
40000950:	fff68693          	addi	a3,a3,-1
40000954:	00612423          	sw	t1,8(sp)
40000958:	00a00593          	addi	a1,zero,10
4000095c:	40002637          	lui	a2,0x40002
40000960:	83860613          	addi	a2,a2,-1992 # 40001838 <_etext+0xbc>
40000964:	00812e23          	sw	s0,28(sp)
40000968:	00000293          	addi	t0,zero,0
4000096c:	00c12823          	sw	a2,16(sp)
40000970:	00d12a23          	sw	a3,20(sp)
40000974:	00e12c23          	sw	a4,24(sp)
40000978:	00058413          	addi	s0,a1,0
4000097c:	00040593          	addi	a1,s0,0
40000980:	00048513          	addi	a0,s1,0
40000984:	00512223          	sw	t0,4(sp)
40000988:	2c8000ef          	jal	ra,40000c50 <__udivsi3>
4000098c:	00050693          	addi	a3,a0,0
40000990:	00040593          	addi	a1,s0,0
40000994:	00048513          	addi	a0,s1,0
40000998:	00912023          	sw	s1,0(sp)
4000099c:	00068493          	addi	s1,a3,0
400009a0:	2f8000ef          	jal	ra,40000c98 <__umodsi3>
400009a4:	01012703          	lw	a4,16(sp)
400009a8:	00412283          	lw	t0,4(sp)
400009ac:	00a70533          	add	a0,a4,a0
400009b0:	00054303          	lbu	t1,0(a0)
400009b4:	02028713          	addi	a4,t0,32
400009b8:	002706b3          	add	a3,a4,sp
400009bc:	00012703          	lw	a4,0(sp)
400009c0:	00028613          	addi	a2,t0,0
400009c4:	00668023          	sb	t1,0(a3)
400009c8:	00128293          	addi	t0,t0,1
400009cc:	00028513          	addi	a0,t0,0
400009d0:	fa8776e3          	bgeu	a4,s0,4000097c <ucx_vsprintf+0x3ec>
400009d4:	01412683          	lw	a3,20(sp)
400009d8:	01812703          	lw	a4,24(sp)
400009dc:	01c12403          	lw	s0,28(sp)
400009e0:	cb9ff06f          	jal	zero,40000698 <ucx_vsprintf+0x108>
400009e4:	00040513          	addi	a0,s0,0
400009e8:	00e12223          	sw	a4,4(sp)
400009ec:	00c12023          	sw	a2,0(sp)
400009f0:	4f1000ef          	jal	ra,400016e0 <_putchar>
400009f4:	00412703          	lw	a4,4(sp)
400009f8:	00012603          	lw	a2,0(sp)
400009fc:	e99ff06f          	jal	zero,40000894 <ucx_vsprintf+0x304>
40000a00:	40002637          	lui	a2,0x40002
40000a04:	03c00513          	addi	a0,zero,60
40000a08:	83060493          	addi	s1,a2,-2000 # 40001830 <_etext+0xb4>
40000a0c:	dc1ff06f          	jal	zero,400007cc <ucx_vsprintf+0x23c>
40000a10:	0ff57613          	andi	a2,a0,255
40000a14:	00d12423          	sw	a3,8(sp)
40000a18:	c0060ce3          	beq	a2,zero,40000630 <ucx_vsprintf+0xa0>
40000a1c:	0ff57513          	andi	a0,a0,255
40000a20:	00e12023          	sw	a4,0(sp)
40000a24:	4bd000ef          	jal	ra,400016e0 <_putchar>
40000a28:	00012703          	lw	a4,0(sp)
40000a2c:	c05ff06f          	jal	zero,40000630 <ucx_vsprintf+0xa0>
40000a30:	02d00513          	addi	a0,zero,45
40000a34:	00e12423          	sw	a4,8(sp)
40000a38:	00d12223          	sw	a3,4(sp)
40000a3c:	00612023          	sw	t1,0(sp)
40000a40:	4a1000ef          	jal	ra,400016e0 <_putchar>
40000a44:	00812703          	lw	a4,8(sp)
40000a48:	00412683          	lw	a3,4(sp)
40000a4c:	00012303          	lw	t1,0(sp)
40000a50:	f01ff06f          	jal	zero,40000950 <ucx_vsprintf+0x3c0>

40000a54 <ucx_memset>:
40000a54:	0ff5f593          	andi	a1,a1,255
40000a58:	00c506b3          	add	a3,a0,a2
40000a5c:	00050713          	addi	a4,a0,0
40000a60:	00060863          	beq	a2,zero,40000a70 <ucx_memset+0x1c>
40000a64:	00170713          	addi	a4,a4,1
40000a68:	feb70fa3          	sb	a1,-1(a4)
40000a6c:	fed71ce3          	bne	a4,a3,40000a64 <ucx_memset+0x10>
40000a70:	00008067          	jalr	zero,0(ra)

40000a74 <ucx_printf>:
40000a74:	fdc10113          	addi	sp,sp,-36
40000a78:	01010313          	addi	t1,sp,16
40000a7c:	00b12823          	sw	a1,16(sp)
40000a80:	00c12a23          	sw	a2,20(sp)
40000a84:	00050593          	addi	a1,a0,0
40000a88:	00030613          	addi	a2,t1,0
40000a8c:	00000513          	addi	a0,zero,0
40000a90:	00112623          	sw	ra,12(sp)
40000a94:	00d12c23          	sw	a3,24(sp)
40000a98:	00e12e23          	sw	a4,28(sp)
40000a9c:	02f12023          	sw	a5,32(sp)
40000aa0:	00612023          	sw	t1,0(sp)
40000aa4:	aedff0ef          	jal	ra,40000590 <ucx_vsprintf>
40000aa8:	00c12083          	lw	ra,12(sp)
40000aac:	02410113          	addi	sp,sp,36
40000ab0:	00008067          	jalr	zero,0(ra)

40000ab4 <main>:
40000ab4:	ff010113          	addi	sp,sp,-16
40000ab8:	00112623          	sw	ra,12(sp)
40000abc:	00812423          	sw	s0,8(sp)
40000ac0:	441000ef          	jal	ra,40001700 <_hardware_init>
40000ac4:	400025b7          	lui	a1,0x40002
40000ac8:	40002537          	lui	a0,0x40002
40000acc:	8d058593          	addi	a1,a1,-1840 # 400018d0 <_etext+0x154>
40000ad0:	8e450513          	addi	a0,a0,-1820 # 400018e4 <_etext+0x168>
40000ad4:	fa1ff0ef          	jal	ra,40000a74 <ucx_printf>
40000ad8:	00006437          	lui	s0,0x6
40000adc:	40002537          	lui	a0,0x40002
40000ae0:	c6440593          	addi	a1,s0,-924 # 5c64 <_heap_size>
40000ae4:	b9c50513          	addi	a0,a0,-1124 # 40001b9c <_ebss>
40000ae8:	130000ef          	jal	ra,40000c18 <ucx_heap_init>
40000aec:	40002537          	lui	a0,0x40002
40000af0:	c6440593          	addi	a1,s0,-924
40000af4:	8f850513          	addi	a0,a0,-1800 # 400018f8 <_etext+0x17c>
40000af8:	f7dff0ef          	jal	ra,40000a74 <ucx_printf>
40000afc:	f40ff0ef          	jal	ra,4000023c <app_main>
40000b00:	400026b7          	lui	a3,0x40002
40000b04:	00050713          	addi	a4,a0,0
40000b08:	b286a503          	lw	a0,-1240(a3) # 40001b28 <kcb_p>
40000b0c:	00e12023          	sw	a4,0(sp)
40000b10:	ea0ff0ef          	jal	ra,400001b0 <setjmp>
40000b14:	40002437          	lui	s0,0x40002
40000b18:	b2842703          	lw	a4,-1240(s0) # 40001b28 <kcb_p>
40000b1c:	05472503          	lw	a0,84(a4)
40000b20:	04a72823          	sw	a0,80(a4)
40000b24:	00012703          	lw	a4,0(sp)
40000b28:	02071063          	bne	a4,zero,40000b48 <main+0x94>
40000b2c:	00850513          	addi	a0,a0,8
40000b30:	ec0ff0ef          	jal	ra,400001f0 <_dispatch_init>
40000b34:	00c12083          	lw	ra,12(sp)
40000b38:	00812403          	lw	s0,8(sp)
40000b3c:	00000513          	addi	a0,zero,0
40000b40:	01010113          	addi	sp,sp,16
40000b44:	00008067          	jalr	zero,0(ra)
40000b48:	3f5000ef          	jal	ra,4000173c <_timer_enable>
40000b4c:	b2842703          	lw	a4,-1240(s0)
40000b50:	05072503          	lw	a0,80(a4)
40000b54:	fd9ff06f          	jal	zero,40000b2c <main+0x78>

40000b58 <ucx_malloc>:
40000b58:	400023b7          	lui	t2,0x40002
40000b5c:	b3438393          	addi	t2,t2,-1228 # 40001b34 <last_free>
40000b60:	0003a603          	lw	a2,0(t2)
40000b64:	ffc10113          	addi	sp,sp,-4
40000b68:	00812023          	sw	s0,0(sp)
40000b6c:	00350413          	addi	s0,a0,3
40000b70:	ffc47413          	andi	s0,s0,-4
40000b74:	00060593          	addi	a1,a2,0
40000b78:	ff800293          	addi	t0,zero,-8
40000b7c:	00840313          	addi	t1,s0,8
40000b80:	00062503          	lw	a0,0(a2)
40000b84:	06050e63          	beq	a0,zero,40000c00 <ucx_malloc+0xa8>
40000b88:	00462703          	lw	a4,4(a2)
40000b8c:	00177713          	andi	a4,a4,1
40000b90:	00071663          	bne	a4,zero,40000b9c <ucx_malloc+0x44>
40000b94:	0780006f          	jal	zero,40000c0c <ucx_malloc+0xb4>
40000b98:	00052503          	lw	a0,0(a0)
40000b9c:	00452703          	lw	a4,4(a0)
40000ba0:	00177713          	andi	a4,a4,1
40000ba4:	fe071ae3          	bne	a4,zero,40000b98 <ucx_malloc+0x40>
40000ba8:	00050593          	addi	a1,a0,0
40000bac:	00050613          	addi	a2,a0,0
40000bb0:	00071e63          	bne	a4,zero,40000bcc <ucx_malloc+0x74>
40000bb4:	00062683          	lw	a3,0(a2)
40000bb8:	00068a63          	beq	a3,zero,40000bcc <ucx_malloc+0x74>
40000bbc:	0046a703          	lw	a4,4(a3)
40000bc0:	00068613          	addi	a2,a3,0
40000bc4:	00177713          	andi	a4,a4,1
40000bc8:	fe0706e3          	beq	a4,zero,40000bb4 <ucx_malloc+0x5c>
40000bcc:	40b28733          	sub	a4,t0,a1
40000bd0:	00e60733          	add	a4,a2,a4
40000bd4:	00e5a223          	sw	a4,4(a1)
40000bd8:	00c5a023          	sw	a2,0(a1)
40000bdc:	fa6762e3          	bltu	a4,t1,40000b80 <ucx_malloc+0x28>
40000be0:	00658333          	add	t1,a1,t1
40000be4:	00b3a023          	sw	a1,0(t2)
40000be8:	00146413          	ori	s0,s0,1
40000bec:	0065a023          	sw	t1,0(a1)
40000bf0:	0085a223          	sw	s0,4(a1)
40000bf4:	00c32023          	sw	a2,0(t1)
40000bf8:	00532223          	sw	t0,4(t1)
40000bfc:	00858513          	addi	a0,a1,8
40000c00:	00012403          	lw	s0,0(sp)
40000c04:	00410113          	addi	sp,sp,4
40000c08:	00008067          	jalr	zero,0(ra)
40000c0c:	00060513          	addi	a0,a2,0
40000c10:	00050613          	addi	a2,a0,0
40000c14:	f9dff06f          	jal	zero,40000bb0 <ucx_malloc+0x58>

40000c18 <ucx_heap_init>:
40000c18:	00358713          	addi	a4,a1,3
40000c1c:	ffc77713          	andi	a4,a4,-4
40000c20:	ff858593          	addi	a1,a1,-8
40000c24:	00b505b3          	add	a1,a0,a1
40000c28:	ff070713          	addi	a4,a4,-16
40000c2c:	00b52023          	sw	a1,0(a0)
40000c30:	00e52223          	sw	a4,4(a0)
40000c34:	0005a023          	sw	zero,0(a1)
40000c38:	40002737          	lui	a4,0x40002
40000c3c:	b2a72823          	sw	a0,-1232(a4) # 40001b30 <first_free>
40000c40:	40002737          	lui	a4,0x40002
40000c44:	0005a223          	sw	zero,4(a1)
40000c48:	b2a72a23          	sw	a0,-1228(a4) # 40001b34 <last_free>
40000c4c:	00008067          	jalr	zero,0(ra)

40000c50 <__udivsi3>:
40000c50:	00050693          	addi	a3,a0,0
40000c54:	02058e63          	beq	a1,zero,40000c90 <__udivsi3+0x40>
40000c58:	00100713          	addi	a4,zero,1
40000c5c:	0005ca63          	blt	a1,zero,40000c70 <__udivsi3+0x20>
40000c60:	00159593          	slli	a1,a1,0x1
40000c64:	00171713          	slli	a4,a4,0x1
40000c68:	fe05dce3          	bge	a1,zero,40000c60 <__udivsi3+0x10>
40000c6c:	02070263          	beq	a4,zero,40000c90 <__udivsi3+0x40>
40000c70:	00000513          	addi	a0,zero,0
40000c74:	00b6e663          	bltu	a3,a1,40000c80 <__udivsi3+0x30>
40000c78:	40b686b3          	sub	a3,a3,a1
40000c7c:	00e50533          	add	a0,a0,a4
40000c80:	00175713          	srli	a4,a4,0x1
40000c84:	0015d593          	srli	a1,a1,0x1
40000c88:	fe0716e3          	bne	a4,zero,40000c74 <__udivsi3+0x24>
40000c8c:	00008067          	jalr	zero,0(ra)
40000c90:	00000513          	addi	a0,zero,0
40000c94:	00008067          	jalr	zero,0(ra)

40000c98 <__umodsi3>:
40000c98:	02058a63          	beq	a1,zero,40000ccc <__umodsi3+0x34>
40000c9c:	00100713          	addi	a4,zero,1
40000ca0:	0005ca63          	blt	a1,zero,40000cb4 <__umodsi3+0x1c>
40000ca4:	00159593          	slli	a1,a1,0x1
40000ca8:	00171713          	slli	a4,a4,0x1
40000cac:	fe05dce3          	bge	a1,zero,40000ca4 <__umodsi3+0xc>
40000cb0:	02070263          	beq	a4,zero,40000cd4 <__umodsi3+0x3c>
40000cb4:	00175713          	srli	a4,a4,0x1
40000cb8:	00b56463          	bltu	a0,a1,40000cc0 <__umodsi3+0x28>
40000cbc:	40b50533          	sub	a0,a0,a1
40000cc0:	0015d593          	srli	a1,a1,0x1
40000cc4:	fe0718e3          	bne	a4,zero,40000cb4 <__umodsi3+0x1c>
40000cc8:	00008067          	jalr	zero,0(ra)
40000ccc:	00000513          	addi	a0,zero,0
40000cd0:	00008067          	jalr	zero,0(ra)
40000cd4:	00008067          	jalr	zero,0(ra)

40000cd8 <krnl_delay_update>:
40000cd8:	40002737          	lui	a4,0x40002
40000cdc:	b2872703          	lw	a4,-1240(a4) # 40001b28 <kcb_p>
40000ce0:	00300593          	addi	a1,zero,3
40000ce4:	00100313          	addi	t1,zero,1
40000ce8:	05472603          	lw	a2,84(a4)
40000cec:	00060713          	addi	a4,a2,0
40000cf0:	00c0006f          	jal	zero,40000cfc <krnl_delay_update+0x24>
40000cf4:	00072703          	lw	a4,0(a4)
40000cf8:	02c70a63          	beq	a4,a2,40000d2c <krnl_delay_update+0x54>
40000cfc:	07874683          	lbu	a3,120(a4)
40000d00:	feb69ae3          	bne	a3,a1,40000cf4 <krnl_delay_update+0x1c>
40000d04:	06275503          	lhu	a0,98(a4)
40000d08:	fff50693          	addi	a3,a0,-1
40000d0c:	01069693          	slli	a3,a3,0x10
40000d10:	0106d693          	srli	a3,a3,0x10
40000d14:	fe0500e3          	beq	a0,zero,40000cf4 <krnl_delay_update+0x1c>
40000d18:	06d71123          	sh	a3,98(a4)
40000d1c:	fc069ce3          	bne	a3,zero,40000cf4 <krnl_delay_update+0x1c>
40000d20:	06670c23          	sb	t1,120(a4)
40000d24:	00072703          	lw	a4,0(a4)
40000d28:	fcc71ae3          	bne	a4,a2,40000cfc <krnl_delay_update+0x24>
40000d2c:	00008067          	jalr	zero,0(ra)

40000d30 <krnl_stack_check>:
40000d30:	ff410113          	addi	sp,sp,-12
40000d34:	00812223          	sw	s0,4(sp)
40000d38:	40002437          	lui	s0,0x40002
40000d3c:	b2840413          	addi	s0,s0,-1240 # 40001b28 <kcb_p>
40000d40:	00042683          	lw	a3,0(s0)
40000d44:	33333737          	lui	a4,0x33333
40000d48:	00112423          	sw	ra,8(sp)
40000d4c:	0506a683          	lw	a3,80(a3)
40000d50:	33370713          	addi	a4,a4,819 # 33333333 <_heap_size+0x3332d6cf>
40000d54:	0586a503          	lw	a0,88(a3)
40000d58:	00052603          	lw	a2,0(a0)
40000d5c:	00e61a63          	bne	a2,a4,40000d70 <krnl_stack_check+0x40>
40000d60:	00812083          	lw	ra,8(sp)
40000d64:	00412403          	lw	s0,4(sp)
40000d68:	00c10113          	addi	sp,sp,12
40000d6c:	00008067          	jalr	zero,0(ra)
40000d70:	05c6a583          	lw	a1,92(a3)
40000d74:	7fc000ef          	jal	ra,40001570 <ucx_hexdump>
40000d78:	00042703          	lw	a4,0(s0)
40000d7c:	40002537          	lui	a0,0x40002
40000d80:	91450513          	addi	a0,a0,-1772 # 40001914 <_etext+0x198>
40000d84:	05072703          	lw	a4,80(a4)
40000d88:	05c72683          	lw	a3,92(a4)
40000d8c:	05872603          	lw	a2,88(a4)
40000d90:	06075583          	lhu	a1,96(a4)
40000d94:	ce1ff0ef          	jal	ra,40000a74 <ucx_printf>
40000d98:	0000006f          	jal	zero,40000d98 <krnl_stack_check+0x68>

40000d9c <show_stats>:
40000d9c:	ff410113          	addi	sp,sp,-12
40000da0:	40002337          	lui	t1,0x40002
40000da4:	00912023          	sw	s1,0(sp)
40000da8:	b2830493          	addi	s1,t1,-1240 # 40001b28 <kcb_p>
40000dac:	0004a703          	lw	a4,0(s1)
40000db0:	40002537          	lui	a0,0x40002
40000db4:	94850513          	addi	a0,a0,-1720 # 40001948 <_etext+0x1cc>
40000db8:	06072583          	lw	a1,96(a4)
40000dbc:	00812223          	sw	s0,4(sp)
40000dc0:	00112423          	sw	ra,8(sp)
40000dc4:	05472403          	lw	s0,84(a4)
40000dc8:	cadff0ef          	jal	ra,40000a74 <ucx_printf>
40000dcc:	01c0006f          	jal	zero,40000de8 <show_stats+0x4c>
40000dd0:	0004a703          	lw	a4,0(s1)
40000dd4:	00042403          	lw	s0,0(s0)
40000dd8:	05472703          	lw	a4,84(a4)
40000ddc:	06045683          	lhu	a3,96(s0)
40000de0:	06075703          	lhu	a4,96(a4)
40000de4:	04e68063          	beq	a3,a4,40000e24 <show_stats+0x88>
40000de8:	07045703          	lhu	a4,112(s0)
40000dec:	fe0702e3          	beq	a4,zero,40000dd0 <show_stats+0x34>
40000df0:	06e45703          	lhu	a4,110(s0)
40000df4:	06845683          	lhu	a3,104(s0)
40000df8:	07445603          	lhu	a2,116(s0)
40000dfc:	06045583          	lhu	a1,96(s0)
40000e00:	40002537          	lui	a0,0x40002
40000e04:	99c50513          	addi	a0,a0,-1636 # 4000199c <_etext+0x220>
40000e08:	c6dff0ef          	jal	ra,40000a74 <ucx_printf>
40000e0c:	0004a703          	lw	a4,0(s1)
40000e10:	00042403          	lw	s0,0(s0)
40000e14:	05472703          	lw	a4,84(a4)
40000e18:	06045683          	lhu	a3,96(s0)
40000e1c:	06075703          	lhu	a4,96(a4)
40000e20:	fce694e3          	bne	a3,a4,40000de8 <show_stats+0x4c>
40000e24:	00412403          	lw	s0,4(sp)
40000e28:	00812083          	lw	ra,8(sp)
40000e2c:	00012483          	lw	s1,0(sp)
40000e30:	40002537          	lui	a0,0x40002
40000e34:	96450513          	addi	a0,a0,-1692 # 40001964 <_etext+0x1e8>
40000e38:	00c10113          	addi	sp,sp,12
40000e3c:	c39ff06f          	jal	zero,40000a74 <ucx_printf>

40000e40 <decrease_counters>:
40000e40:	ff410113          	addi	sp,sp,-12
40000e44:	40002337          	lui	t1,0x40002
40000e48:	00912023          	sw	s1,0(sp)
40000e4c:	b2830493          	addi	s1,t1,-1240 # 40001b28 <kcb_p>
40000e50:	0004a703          	lw	a4,0(s1)
40000e54:	00812223          	sw	s0,4(sp)
40000e58:	00112423          	sw	ra,8(sp)
40000e5c:	06072683          	lw	a3,96(a4)
40000e60:	05472403          	lw	s0,84(a4)
40000e64:	00168693          	addi	a3,a3,1
40000e68:	06d72023          	sw	a3,96(a4)
40000e6c:	01c0006f          	jal	zero,40000e88 <decrease_counters+0x48>
40000e70:	0004a703          	lw	a4,0(s1)
40000e74:	00042403          	lw	s0,0(s0)
40000e78:	05472703          	lw	a4,84(a4)
40000e7c:	06045683          	lhu	a3,96(s0)
40000e80:	06075703          	lhu	a4,96(a4)
40000e84:	0ae68863          	beq	a3,a4,40000f34 <decrease_counters+0xf4>
40000e88:	07045703          	lhu	a4,112(s0)
40000e8c:	fe0702e3          	beq	a4,zero,40000e70 <decrease_counters+0x30>
40000e90:	06c45683          	lhu	a3,108(s0)
40000e94:	07241603          	lh	a2,114(s0)
40000e98:	06045583          	lhu	a1,96(s0)
40000e9c:	40002737          	lui	a4,0x40002
40000ea0:	9e070513          	addi	a0,a4,-1568 # 400019e0 <_etext+0x264>
40000ea4:	bd1ff0ef          	jal	ra,40000a74 <ucx_printf>
40000ea8:	06c45703          	lhu	a4,108(s0)
40000eac:	00071463          	bne	a4,zero,40000eb4 <decrease_counters+0x74>
40000eb0:	06040c23          	sb	zero,120(s0)
40000eb4:	06645703          	lhu	a4,102(s0)
40000eb8:	07245683          	lhu	a3,114(s0)
40000ebc:	fff70713          	addi	a4,a4,-1
40000ec0:	01071713          	slli	a4,a4,0x10
40000ec4:	fff68693          	addi	a3,a3,-1
40000ec8:	01075713          	srli	a4,a4,0x10
40000ecc:	06d41923          	sh	a3,114(s0)
40000ed0:	06e41323          	sh	a4,102(s0)
40000ed4:	f8071ee3          	bne	a4,zero,40000e70 <decrease_counters+0x30>
40000ed8:	06045583          	lhu	a1,96(s0)
40000edc:	40002537          	lui	a0,0x40002
40000ee0:	a0850513          	addi	a0,a0,-1528 # 40001a08 <_etext+0x28c>
40000ee4:	b91ff0ef          	jal	ra,40000a74 <ucx_printf>
40000ee8:	06445703          	lhu	a4,100(s0)
40000eec:	06c45503          	lhu	a0,108(s0)
40000ef0:	07445683          	lhu	a3,116(s0)
40000ef4:	00170713          	addi	a4,a4,1
40000ef8:	07045583          	lhu	a1,112(s0)
40000efc:	06a45603          	lhu	a2,106(s0)
40000f00:	06e41323          	sh	a4,102(s0)
40000f04:	0004a703          	lw	a4,0(s1)
40000f08:	00a686b3          	add	a3,a3,a0
40000f0c:	00100513          	addi	a0,zero,1
40000f10:	06a40c23          	sb	a0,120(s0)
40000f14:	06d41a23          	sh	a3,116(s0)
40000f18:	05472703          	lw	a4,84(a4)
40000f1c:	06b41923          	sh	a1,114(s0)
40000f20:	06c41623          	sh	a2,108(s0)
40000f24:	00042403          	lw	s0,0(s0)
40000f28:	06075703          	lhu	a4,96(a4)
40000f2c:	06045683          	lhu	a3,96(s0)
40000f30:	f4e69ce3          	bne	a3,a4,40000e88 <decrease_counters+0x48>
40000f34:	00812083          	lw	ra,8(sp)
40000f38:	00412403          	lw	s0,4(sp)
40000f3c:	00012483          	lw	s1,0(sp)
40000f40:	00c10113          	addi	sp,sp,12
40000f44:	00008067          	jalr	zero,0(ra)

40000f48 <krnl_schedule_edf>:
40000f48:	fec10113          	addi	sp,sp,-20
40000f4c:	00812623          	sw	s0,12(sp)
40000f50:	40002437          	lui	s0,0x40002
40000f54:	b2840413          	addi	s0,s0,-1240 # 40001b28 <kcb_p>
40000f58:	00042683          	lw	a3,0(s0)
40000f5c:	00912423          	sw	s1,8(sp)
40000f60:	00112823          	sw	ra,16(sp)
40000f64:	0546a483          	lw	s1,84(a3)
40000f68:	0506a703          	lw	a4,80(a3)
40000f6c:	00200613          	addi	a2,zero,2
40000f70:	0724d583          	lhu	a1,114(s1)
40000f74:	07874683          	lbu	a3,120(a4)
40000f78:	00b12023          	sw	a1,0(sp)
40000f7c:	0ec68463          	beq	a3,a2,40001064 <krnl_schedule_edf+0x11c>
40000f80:	ec1ff0ef          	jal	ra,40000e40 <decrease_counters>
40000f84:	00042703          	lw	a4,0(s0)
40000f88:	03200593          	addi	a1,zero,50
40000f8c:	06072503          	lw	a0,96(a4)
40000f90:	00e12223          	sw	a4,4(sp)
40000f94:	d05ff0ef          	jal	ra,40000c98 <__umodsi3>
40000f98:	00412703          	lw	a4,4(sp)
40000f9c:	0e050a63          	beq	a0,zero,40001090 <krnl_schedule_edf+0x148>
40000fa0:	05472683          	lw	a3,84(a4)
40000fa4:	00000513          	addi	a0,zero,0
40000fa8:	00048713          	addi	a4,s1,0
40000fac:	0606d603          	lhu	a2,96(a3)
40000fb0:	00100593          	addi	a1,zero,1
40000fb4:	0100006f          	jal	zero,40000fc4 <krnl_schedule_edf+0x7c>
40000fb8:	00072703          	lw	a4,0(a4)
40000fbc:	06075683          	lhu	a3,96(a4)
40000fc0:	04c68463          	beq	a3,a2,40001008 <krnl_schedule_edf+0xc0>
40000fc4:	07075683          	lhu	a3,112(a4)
40000fc8:	fe0688e3          	beq	a3,zero,40000fb8 <krnl_schedule_edf+0x70>
40000fcc:	07874683          	lbu	a3,120(a4)
40000fd0:	feb694e3          	bne	a3,a1,40000fb8 <krnl_schedule_edf+0x70>
40000fd4:	06c75683          	lhu	a3,108(a4)
40000fd8:	fe0680e3          	beq	a3,zero,40000fb8 <krnl_schedule_edf+0x70>
40000fdc:	07271683          	lh	a3,114(a4)
40000fe0:	00012303          	lw	t1,0(sp)
40000fe4:	00100513          	addi	a0,zero,1
40000fe8:	fc66d8e3          	bge	a3,t1,40000fb8 <krnl_schedule_edf+0x70>
40000fec:	00070493          	addi	s1,a4,0
40000ff0:	00072703          	lw	a4,0(a4)
40000ff4:	01069693          	slli	a3,a3,0x10
40000ff8:	0106d693          	srli	a3,a3,0x10
40000ffc:	00d12023          	sw	a3,0(sp)
40001000:	06075683          	lhu	a3,96(a4)
40001004:	fcc690e3          	bne	a3,a2,40000fc4 <krnl_schedule_edf+0x7c>
40001008:	0a050063          	beq	a0,zero,400010a8 <krnl_schedule_edf+0x160>
4000100c:	0784c683          	lbu	a3,120(s1)
40001010:	00100713          	addi	a4,zero,1
40001014:	08e69a63          	bne	a3,a4,400010a8 <krnl_schedule_edf+0x160>
40001018:	06c4d603          	lhu	a2,108(s1)
4000101c:	08060663          	beq	a2,zero,400010a8 <krnl_schedule_edf+0x160>
40001020:	0604d583          	lhu	a1,96(s1)
40001024:	40002537          	lui	a0,0x40002
40001028:	a2050513          	addi	a0,a0,-1504 # 40001a20 <_etext+0x2a4>
4000102c:	a49ff0ef          	jal	ra,40000a74 <ucx_printf>
40001030:	00042703          	lw	a4,0(s0)
40001034:	0604d503          	lhu	a0,96(s1)
40001038:	00200693          	addi	a3,zero,2
4000103c:	04972823          	sw	s1,80(a4)
40001040:	06d48c23          	sb	a3,120(s1)
40001044:	05872683          	lw	a3,88(a4)
40001048:	00168693          	addi	a3,a3,1
4000104c:	04d72c23          	sw	a3,88(a4)
40001050:	01012083          	lw	ra,16(sp)
40001054:	00c12403          	lw	s0,12(sp)
40001058:	00812483          	lw	s1,8(sp)
4000105c:	01410113          	addi	sp,sp,20
40001060:	00008067          	jalr	zero,0(ra)
40001064:	06c75683          	lhu	a3,108(a4)
40001068:	06e75603          	lhu	a2,110(a4)
4000106c:	fff68693          	addi	a3,a3,-1
40001070:	01069693          	slli	a3,a3,0x10
40001074:	0106d693          	srli	a3,a3,0x10
40001078:	00160613          	addi	a2,a2,1
4000107c:	06d71623          	sh	a3,108(a4)
40001080:	06c71723          	sh	a2,110(a4)
40001084:	00069c63          	bne	a3,zero,4000109c <krnl_schedule_edf+0x154>
40001088:	06070c23          	sb	zero,120(a4)
4000108c:	ef5ff06f          	jal	zero,40000f80 <krnl_schedule_edf+0x38>
40001090:	d0dff0ef          	jal	ra,40000d9c <show_stats>
40001094:	00042703          	lw	a4,0(s0)
40001098:	f09ff06f          	jal	zero,40000fa0 <krnl_schedule_edf+0x58>
4000109c:	00100693          	addi	a3,zero,1
400010a0:	06d70c23          	sb	a3,120(a4)
400010a4:	eddff06f          	jal	zero,40000f80 <krnl_schedule_edf+0x38>
400010a8:	fff00513          	addi	a0,zero,-1
400010ac:	fa5ff06f          	jal	zero,40001050 <krnl_schedule_edf+0x108>

400010b0 <krnl_schedule>:
400010b0:	40002737          	lui	a4,0x40002
400010b4:	b2872503          	lw	a0,-1240(a4) # 40001b28 <kcb_p>
400010b8:	00200693          	addi	a3,zero,2
400010bc:	05052703          	lw	a4,80(a0)
400010c0:	07874603          	lbu	a2,120(a4)
400010c4:	06d60263          	beq	a2,a3,40001128 <krnl_schedule+0x78>
400010c8:	00100613          	addi	a2,zero,1
400010cc:	00072703          	lw	a4,0(a4)
400010d0:	07874683          	lbu	a3,120(a4)
400010d4:	fec69ce3          	bne	a3,a2,400010cc <krnl_schedule+0x1c>
400010d8:	07075683          	lhu	a3,112(a4)
400010dc:	fe0698e3          	bne	a3,zero,400010cc <krnl_schedule+0x1c>
400010e0:	07675683          	lhu	a3,118(a4)
400010e4:	fff68693          	addi	a3,a3,-1
400010e8:	01069693          	slli	a3,a3,0x10
400010ec:	0106d693          	srli	a3,a3,0x10
400010f0:	06d71b23          	sh	a3,118(a4)
400010f4:	0ff6f593          	andi	a1,a3,255
400010f8:	fc059ae3          	bne	a1,zero,400010cc <krnl_schedule+0x1c>
400010fc:	04e52823          	sw	a4,80(a0)
40001100:	00200613          	addi	a2,zero,2
40001104:	06c70c23          	sb	a2,120(a4)
40001108:	05852603          	lw	a2,88(a0)
4000110c:	0086d593          	srli	a1,a3,0x8
40001110:	00b6e6b3          	or	a3,a3,a1
40001114:	06d71b23          	sh	a3,118(a4)
40001118:	00160693          	addi	a3,a2,1
4000111c:	04d52c23          	sw	a3,88(a0)
40001120:	06075503          	lhu	a0,96(a4)
40001124:	00008067          	jalr	zero,0(ra)
40001128:	00100693          	addi	a3,zero,1
4000112c:	06d70c23          	sb	a3,120(a4)
40001130:	f99ff06f          	jal	zero,400010c8 <krnl_schedule+0x18>

40001134 <krnl_dispatcher>:
40001134:	40002737          	lui	a4,0x40002
40001138:	b2872703          	lw	a4,-1240(a4) # 40001b28 <kcb_p>
4000113c:	ff410113          	addi	sp,sp,-12
40001140:	00112423          	sw	ra,8(sp)
40001144:	05072503          	lw	a0,80(a4)
40001148:	00850513          	addi	a0,a0,8
4000114c:	864ff0ef          	jal	ra,400001b0 <setjmp>
40001150:	00050863          	beq	a0,zero,40001160 <krnl_dispatcher+0x2c>
40001154:	00812083          	lw	ra,8(sp)
40001158:	00c10113          	addi	sp,sp,12
4000115c:	00008067          	jalr	zero,0(ra)
40001160:	b79ff0ef          	jal	ra,40000cd8 <krnl_delay_update>
40001164:	bcdff0ef          	jal	ra,40000d30 <krnl_stack_check>
40001168:	de1ff0ef          	jal	ra,40000f48 <krnl_schedule_edf>
4000116c:	fff00713          	addi	a4,zero,-1
40001170:	00e51a63          	bne	a0,a4,40001184 <krnl_dispatcher+0x50>
40001174:	40002537          	lui	a0,0x40002
40001178:	a4850513          	addi	a0,a0,-1464 # 40001a48 <_etext+0x2cc>
4000117c:	8f9ff0ef          	jal	ra,40000a74 <ucx_printf>
40001180:	f31ff0ef          	jal	ra,400010b0 <krnl_schedule>
40001184:	5e0000ef          	jal	ra,40001764 <_interrupt_tick>
40001188:	40002737          	lui	a4,0x40002
4000118c:	b2872703          	lw	a4,-1240(a4) # 40001b28 <kcb_p>
40001190:	00100593          	addi	a1,zero,1
40001194:	05072503          	lw	a0,80(a4)
40001198:	00850513          	addi	a0,a0,8
4000119c:	834ff0ef          	jal	ra,400001d0 <longjmp>
400011a0:	00812083          	lw	ra,8(sp)
400011a4:	00c10113          	addi	sp,sp,12
400011a8:	00008067          	jalr	zero,0(ra)

400011ac <ucx_task_add_periodic>:
400011ac:	fdc10113          	addi	sp,sp,-36
400011b0:	00812e23          	sw	s0,28(sp)
400011b4:	40002437          	lui	s0,0x40002
400011b8:	b2840413          	addi	s0,s0,-1240 # 40001b28 <kcb_p>
400011bc:	00042303          	lw	t1,0(s0)
400011c0:	00050293          	addi	t0,a0,0
400011c4:	07c00513          	addi	a0,zero,124
400011c8:	05032383          	lw	t2,80(t1)
400011cc:	00912c23          	sw	s1,24(sp)
400011d0:	00612a23          	sw	t1,20(sp)
400011d4:	00d12623          	sw	a3,12(sp)
400011d8:	00e12823          	sw	a4,16(sp)
400011dc:	02112023          	sw	ra,32(sp)
400011e0:	00712023          	sw	t2,0(sp)
400011e4:	00512223          	sw	t0,4(sp)
400011e8:	00058493          	addi	s1,a1,0
400011ec:	00c12423          	sw	a2,8(sp)
400011f0:	969ff0ef          	jal	ra,40000b58 <ucx_malloc>
400011f4:	00042703          	lw	a4,0(s0)
400011f8:	01412303          	lw	t1,20(sp)
400011fc:	05472683          	lw	a3,84(a4)
40001200:	04a32823          	sw	a0,80(t1)
40001204:	16068863          	beq	a3,zero,40001374 <ucx_task_add_periodic+0x1c8>
40001208:	05072683          	lw	a3,80(a4)
4000120c:	18068863          	beq	a3,zero,4000139c <ucx_task_add_periodic+0x1f0>
40001210:	540000ef          	jal	ra,40001750 <_timer_disable>
40001214:	00012703          	lw	a4,0(sp)
40001218:	00042683          	lw	a3,0(s0)
4000121c:	16070c63          	beq	a4,zero,40001394 <ucx_task_add_periodic+0x1e8>
40001220:	0506a703          	lw	a4,80(a3)
40001224:	00012603          	lw	a2,0(sp)
40001228:	00e62023          	sw	a4,0(a2)
4000122c:	0546a583          	lw	a1,84(a3)
40001230:	05c6d603          	lhu	a2,92(a3)
40001234:	06071123          	sh	zero,98(a4)
40001238:	00b72023          	sw	a1,0(a4)
4000123c:	00412583          	lw	a1,4(sp)
40001240:	06071723          	sh	zero,110(a4)
40001244:	06071a23          	sh	zero,116(a4)
40001248:	00b72223          	sw	a1,4(a4)
4000124c:	00812583          	lw	a1,8(sp)
40001250:	04972e23          	sw	s1,92(a4)
40001254:	00048513          	addi	a0,s1,0
40001258:	06b71223          	sh	a1,100(a4)
4000125c:	06b71323          	sh	a1,102(a4)
40001260:	00100593          	addi	a1,zero,1
40001264:	06b71423          	sh	a1,104(a4)
40001268:	00c12583          	lw	a1,12(sp)
4000126c:	00e12023          	sw	a4,0(sp)
40001270:	06b71523          	sh	a1,106(a4)
40001274:	06b71623          	sh	a1,108(a4)
40001278:	01012583          	lw	a1,16(sp)
4000127c:	06b71823          	sh	a1,112(a4)
40001280:	06b71923          	sh	a1,114(a4)
40001284:	00160593          	addi	a1,a2,1
40001288:	04b69e23          	sh	a1,92(a3)
4000128c:	000026b7          	lui	a3,0x2
40001290:	f1f68693          	addi	a3,a3,-225 # 1f1f <_stack_size+0x171f>
40001294:	06d71b23          	sh	a3,118(a4)
40001298:	06c71023          	sh	a2,96(a4)
4000129c:	06070c23          	sb	zero,120(a4)
400012a0:	8b9ff0ef          	jal	ra,40000b58 <ucx_malloc>
400012a4:	00012703          	lw	a4,0(sp)
400012a8:	00042683          	lw	a3,0(s0)
400012ac:	04a72c23          	sw	a0,88(a4)
400012b0:	0506a703          	lw	a4,80(a3)
400012b4:	05872503          	lw	a0,88(a4)
400012b8:	0c050463          	beq	a0,zero,40001380 <ucx_task_add_periodic+0x1d4>
400012bc:	05c72603          	lw	a2,92(a4)
400012c0:	06900593          	addi	a1,zero,105
400012c4:	f90ff0ef          	jal	ra,40000a54 <ucx_memset>
400012c8:	00042703          	lw	a4,0(s0)
400012cc:	00400613          	addi	a2,zero,4
400012d0:	03300593          	addi	a1,zero,51
400012d4:	05072703          	lw	a4,80(a4)
400012d8:	05872503          	lw	a0,88(a4)
400012dc:	f78ff0ef          	jal	ra,40000a54 <ucx_memset>
400012e0:	00042703          	lw	a4,0(s0)
400012e4:	00400613          	addi	a2,zero,4
400012e8:	03300593          	addi	a1,zero,51
400012ec:	05072683          	lw	a3,80(a4)
400012f0:	05c6a703          	lw	a4,92(a3)
400012f4:	0586a503          	lw	a0,88(a3)
400012f8:	00271713          	slli	a4,a4,0x2
400012fc:	ff070713          	addi	a4,a4,-16
40001300:	00e50533          	add	a0,a0,a4
40001304:	f50ff0ef          	jal	ra,40000a54 <ucx_memset>
40001308:	00042703          	lw	a4,0(s0)
4000130c:	00412683          	lw	a3,4(sp)
40001310:	05072503          	lw	a0,80(a4)
40001314:	05c52603          	lw	a2,92(a0)
40001318:	05852583          	lw	a1,88(a0)
4000131c:	00850513          	addi	a0,a0,8
40001320:	44c000ef          	jal	ra,4000176c <_context_init>
40001324:	418000ef          	jal	ra,4000173c <_timer_enable>
40001328:	00042703          	lw	a4,0(s0)
4000132c:	40002537          	lui	a0,0x40002
40001330:	a9050513          	addi	a0,a0,-1392 # 40001a90 <_etext+0x314>
40001334:	05072583          	lw	a1,80(a4)
40001338:	05c5a703          	lw	a4,92(a1)
4000133c:	0585a683          	lw	a3,88(a1)
40001340:	0045a603          	lw	a2,4(a1)
40001344:	0605d583          	lhu	a1,96(a1)
40001348:	f2cff0ef          	jal	ra,40000a74 <ucx_printf>
4000134c:	00042703          	lw	a4,0(s0)
40001350:	00100693          	addi	a3,zero,1
40001354:	00000513          	addi	a0,zero,0
40001358:	05072703          	lw	a4,80(a4)
4000135c:	06d70c23          	sb	a3,120(a4)
40001360:	02012083          	lw	ra,32(sp)
40001364:	01c12403          	lw	s0,28(sp)
40001368:	01812483          	lw	s1,24(sp)
4000136c:	02410113          	addi	sp,sp,36
40001370:	00008067          	jalr	zero,0(ra)
40001374:	05072683          	lw	a3,80(a4)
40001378:	04d72a23          	sw	a3,84(a4)
4000137c:	e91ff06f          	jal	zero,4000120c <ucx_task_add_periodic+0x60>
40001380:	06075583          	lhu	a1,96(a4)
40001384:	40002537          	lui	a0,0x40002
40001388:	a6450513          	addi	a0,a0,-1436 # 40001a64 <_etext+0x2e8>
4000138c:	ee8ff0ef          	jal	ra,40000a74 <ucx_printf>
40001390:	0000006f          	jal	zero,40001390 <ucx_task_add_periodic+0x1e4>
40001394:	0506a703          	lw	a4,80(a3)
40001398:	e95ff06f          	jal	zero,4000122c <ucx_task_add_periodic+0x80>
4000139c:	fff00513          	addi	a0,zero,-1
400013a0:	fc1ff06f          	jal	zero,40001360 <ucx_task_add_periodic+0x1b4>

400013a4 <ucx_task_add>:
400013a4:	fe810113          	addi	sp,sp,-24
400013a8:	00812823          	sw	s0,16(sp)
400013ac:	40002437          	lui	s0,0x40002
400013b0:	b2840413          	addi	s0,s0,-1240 # 40001b28 <kcb_p>
400013b4:	00042683          	lw	a3,0(s0)
400013b8:	00050713          	addi	a4,a0,0
400013bc:	07c00513          	addi	a0,zero,124
400013c0:	0506a603          	lw	a2,80(a3)
400013c4:	00912623          	sw	s1,12(sp)
400013c8:	00d12423          	sw	a3,8(sp)
400013cc:	00e12223          	sw	a4,4(sp)
400013d0:	00112a23          	sw	ra,20(sp)
400013d4:	00c12023          	sw	a2,0(sp)
400013d8:	00058493          	addi	s1,a1,0
400013dc:	f7cff0ef          	jal	ra,40000b58 <ucx_malloc>
400013e0:	00812683          	lw	a3,8(sp)
400013e4:	00042703          	lw	a4,0(s0)
400013e8:	04a6a823          	sw	a0,80(a3)
400013ec:	05472683          	lw	a3,84(a4)
400013f0:	14068863          	beq	a3,zero,40001540 <ucx_task_add+0x19c>
400013f4:	05072683          	lw	a3,80(a4)
400013f8:	16068863          	beq	a3,zero,40001568 <ucx_task_add+0x1c4>
400013fc:	354000ef          	jal	ra,40001750 <_timer_disable>
40001400:	00012703          	lw	a4,0(sp)
40001404:	00042683          	lw	a3,0(s0)
40001408:	14070c63          	beq	a4,zero,40001560 <ucx_task_add+0x1bc>
4000140c:	0506a703          	lw	a4,80(a3)
40001410:	00012603          	lw	a2,0(sp)
40001414:	00e62023          	sw	a4,0(a2)
40001418:	0546a583          	lw	a1,84(a3)
4000141c:	06072223          	sw	zero,100(a4)
40001420:	06072423          	sw	zero,104(a4)
40001424:	06072623          	sw	zero,108(a4)
40001428:	06072823          	sw	zero,112(a4)
4000142c:	05c6d603          	lhu	a2,92(a3)
40001430:	00b72023          	sw	a1,0(a4)
40001434:	00412583          	lw	a1,4(sp)
40001438:	06071123          	sh	zero,98(a4)
4000143c:	06071a23          	sh	zero,116(a4)
40001440:	00b72223          	sw	a1,4(a4)
40001444:	04972e23          	sw	s1,92(a4)
40001448:	00160593          	addi	a1,a2,1
4000144c:	04b69e23          	sh	a1,92(a3)
40001450:	000026b7          	lui	a3,0x2
40001454:	f1f68693          	addi	a3,a3,-225 # 1f1f <_stack_size+0x171f>
40001458:	06d71b23          	sh	a3,118(a4)
4000145c:	06c71023          	sh	a2,96(a4)
40001460:	06070c23          	sb	zero,120(a4)
40001464:	00048513          	addi	a0,s1,0
40001468:	00e12023          	sw	a4,0(sp)
4000146c:	eecff0ef          	jal	ra,40000b58 <ucx_malloc>
40001470:	00012703          	lw	a4,0(sp)
40001474:	00042683          	lw	a3,0(s0)
40001478:	04a72c23          	sw	a0,88(a4)
4000147c:	0506a703          	lw	a4,80(a3)
40001480:	05872503          	lw	a0,88(a4)
40001484:	0c050463          	beq	a0,zero,4000154c <ucx_task_add+0x1a8>
40001488:	05c72603          	lw	a2,92(a4)
4000148c:	06900593          	addi	a1,zero,105
40001490:	dc4ff0ef          	jal	ra,40000a54 <ucx_memset>
40001494:	00042703          	lw	a4,0(s0)
40001498:	00400613          	addi	a2,zero,4
4000149c:	03300593          	addi	a1,zero,51
400014a0:	05072703          	lw	a4,80(a4)
400014a4:	05872503          	lw	a0,88(a4)
400014a8:	dacff0ef          	jal	ra,40000a54 <ucx_memset>
400014ac:	00042703          	lw	a4,0(s0)
400014b0:	00400613          	addi	a2,zero,4
400014b4:	03300593          	addi	a1,zero,51
400014b8:	05072683          	lw	a3,80(a4)
400014bc:	05c6a703          	lw	a4,92(a3)
400014c0:	0586a503          	lw	a0,88(a3)
400014c4:	00271713          	slli	a4,a4,0x2
400014c8:	ff070713          	addi	a4,a4,-16
400014cc:	00e50533          	add	a0,a0,a4
400014d0:	d84ff0ef          	jal	ra,40000a54 <ucx_memset>
400014d4:	00042703          	lw	a4,0(s0)
400014d8:	00412683          	lw	a3,4(sp)
400014dc:	05072503          	lw	a0,80(a4)
400014e0:	05c52603          	lw	a2,92(a0)
400014e4:	05852583          	lw	a1,88(a0)
400014e8:	00850513          	addi	a0,a0,8
400014ec:	280000ef          	jal	ra,4000176c <_context_init>
400014f0:	24c000ef          	jal	ra,4000173c <_timer_enable>
400014f4:	00042703          	lw	a4,0(s0)
400014f8:	40002537          	lui	a0,0x40002
400014fc:	a9050513          	addi	a0,a0,-1392 # 40001a90 <_etext+0x314>
40001500:	05072583          	lw	a1,80(a4)
40001504:	05c5a703          	lw	a4,92(a1)
40001508:	0585a683          	lw	a3,88(a1)
4000150c:	0045a603          	lw	a2,4(a1)
40001510:	0605d583          	lhu	a1,96(a1)
40001514:	d60ff0ef          	jal	ra,40000a74 <ucx_printf>
40001518:	00042703          	lw	a4,0(s0)
4000151c:	00100693          	addi	a3,zero,1
40001520:	00000513          	addi	a0,zero,0
40001524:	05072703          	lw	a4,80(a4)
40001528:	06d70c23          	sb	a3,120(a4)
4000152c:	01412083          	lw	ra,20(sp)
40001530:	01012403          	lw	s0,16(sp)
40001534:	00c12483          	lw	s1,12(sp)
40001538:	01810113          	addi	sp,sp,24
4000153c:	00008067          	jalr	zero,0(ra)
40001540:	05072683          	lw	a3,80(a4)
40001544:	04d72a23          	sw	a3,84(a4)
40001548:	eb1ff06f          	jal	zero,400013f8 <ucx_task_add+0x54>
4000154c:	06075583          	lhu	a1,96(a4)
40001550:	40002537          	lui	a0,0x40002
40001554:	a6450513          	addi	a0,a0,-1436 # 40001a64 <_etext+0x2e8>
40001558:	d1cff0ef          	jal	ra,40000a74 <ucx_printf>
4000155c:	0000006f          	jal	zero,4000155c <ucx_task_add+0x1b8>
40001560:	0506a703          	lw	a4,80(a3)
40001564:	eb5ff06f          	jal	zero,40001418 <ucx_task_add+0x74>
40001568:	fff00513          	addi	a0,zero,-1
4000156c:	fc1ff06f          	jal	zero,4000152c <ucx_task_add+0x188>

40001570 <ucx_hexdump>:
40001570:	fe410113          	addi	sp,sp,-28
40001574:	ff057713          	andi	a4,a0,-16
40001578:	00112c23          	sw	ra,24(sp)
4000157c:	00812a23          	sw	s0,20(sp)
40001580:	00912823          	sw	s1,16(sp)
40001584:	00b12623          	sw	a1,12(sp)
40001588:	00e12223          	sw	a4,4(sp)
4000158c:	00012423          	sw	zero,8(sp)
40001590:	12058c63          	beq	a1,zero,400016c8 <ucx_hexdump+0x158>
40001594:	00a00513          	addi	a0,zero,10
40001598:	148000ef          	jal	ra,400016e0 <_putchar>
4000159c:	01c00413          	addi	s0,zero,28
400015a0:	00412703          	lw	a4,4(sp)
400015a4:	00900693          	addi	a3,zero,9
400015a8:	40875733          	sra	a4,a4,s0
400015ac:	00f77713          	andi	a4,a4,15
400015b0:	ffc40413          	addi	s0,s0,-4
400015b4:	03070513          	addi	a0,a4,48
400015b8:	00e6d463          	bge	a3,a4,400015c0 <ucx_hexdump+0x50>
400015bc:	03770513          	addi	a0,a4,55
400015c0:	120000ef          	jal	ra,400016e0 <_putchar>
400015c4:	ffc00713          	addi	a4,zero,-4
400015c8:	fce41ce3          	bne	s0,a4,400015a0 <ucx_hexdump+0x30>
400015cc:	02000513          	addi	a0,zero,32
400015d0:	110000ef          	jal	ra,400016e0 <_putchar>
400015d4:	00000413          	addi	s0,zero,0
400015d8:	00412703          	lw	a4,4(sp)
400015dc:	00900613          	addi	a2,zero,9
400015e0:	00140493          	addi	s1,s0,1
400015e4:	00870733          	add	a4,a4,s0
400015e8:	00074703          	lbu	a4,0(a4)
400015ec:	00475693          	srli	a3,a4,0x4
400015f0:	03768513          	addi	a0,a3,55
400015f4:	00d66463          	bltu	a2,a3,400015fc <ucx_hexdump+0x8c>
400015f8:	03068513          	addi	a0,a3,48
400015fc:	00e12023          	sw	a4,0(sp)
40001600:	0e0000ef          	jal	ra,400016e0 <_putchar>
40001604:	00012703          	lw	a4,0(sp)
40001608:	00900693          	addi	a3,zero,9
4000160c:	00f77713          	andi	a4,a4,15
40001610:	03770513          	addi	a0,a4,55
40001614:	00e6e463          	bltu	a3,a4,4000161c <ucx_hexdump+0xac>
40001618:	03070513          	addi	a0,a4,48
4000161c:	0c4000ef          	jal	ra,400016e0 <_putchar>
40001620:	02000513          	addi	a0,zero,32
40001624:	0bc000ef          	jal	ra,400016e0 <_putchar>
40001628:	00700713          	addi	a4,zero,7
4000162c:	01000693          	addi	a3,zero,16
40001630:	08e40463          	beq	s0,a4,400016b8 <ucx_hexdump+0x148>
40001634:	00d48663          	beq	s1,a3,40001640 <ucx_hexdump+0xd0>
40001638:	00048413          	addi	s0,s1,0
4000163c:	f9dff06f          	jal	zero,400015d8 <ucx_hexdump+0x68>
40001640:	02000513          	addi	a0,zero,32
40001644:	09c000ef          	jal	ra,400016e0 <_putchar>
40001648:	00412483          	lw	s1,4(sp)
4000164c:	07c00513          	addi	a0,zero,124
40001650:	090000ef          	jal	ra,400016e0 <_putchar>
40001654:	01048413          	addi	s0,s1,16
40001658:	0140006f          	jal	zero,4000166c <ucx_hexdump+0xfc>
4000165c:	00060513          	addi	a0,a2,0
40001660:	00148493          	addi	s1,s1,1
40001664:	07c000ef          	jal	ra,400016e0 <_putchar>
40001668:	02940463          	beq	s0,s1,40001690 <ucx_hexdump+0x120>
4000166c:	0004c603          	lbu	a2,0(s1)
40001670:	05e00713          	addi	a4,zero,94
40001674:	02e00513          	addi	a0,zero,46
40001678:	fe060693          	addi	a3,a2,-32
4000167c:	0ff6f693          	andi	a3,a3,255
40001680:	fcd77ee3          	bgeu	a4,a3,4000165c <ucx_hexdump+0xec>
40001684:	00148493          	addi	s1,s1,1
40001688:	058000ef          	jal	ra,400016e0 <_putchar>
4000168c:	fe9410e3          	bne	s0,s1,4000166c <ucx_hexdump+0xfc>
40001690:	00812703          	lw	a4,8(sp)
40001694:	07c00513          	addi	a0,zero,124
40001698:	01070713          	addi	a4,a4,16
4000169c:	00070493          	addi	s1,a4,0
400016a0:	00e12423          	sw	a4,8(sp)
400016a4:	03c000ef          	jal	ra,400016e0 <_putchar>
400016a8:	00c12683          	lw	a3,12(sp)
400016ac:	00d4fe63          	bgeu	s1,a3,400016c8 <ucx_hexdump+0x158>
400016b0:	00812223          	sw	s0,4(sp)
400016b4:	ee1ff06f          	jal	zero,40001594 <ucx_hexdump+0x24>
400016b8:	02000513          	addi	a0,zero,32
400016bc:	024000ef          	jal	ra,400016e0 <_putchar>
400016c0:	00048413          	addi	s0,s1,0
400016c4:	f15ff06f          	jal	zero,400015d8 <ucx_hexdump+0x68>
400016c8:	01812083          	lw	ra,24(sp)
400016cc:	01412403          	lw	s0,20(sp)
400016d0:	01012483          	lw	s1,16(sp)
400016d4:	00000513          	addi	a0,zero,0
400016d8:	01c10113          	addi	sp,sp,28
400016dc:	00008067          	jalr	zero,0(ra)

400016e0 <_putchar>:
400016e0:	e10306b7          	lui	a3,0xe1030
400016e4:	4006a703          	lw	a4,1024(a3) # e1030400 <_stack+0xa1028400>
400016e8:	00277713          	andi	a4,a4,2
400016ec:	fe071ce3          	bne	a4,zero,400016e4 <_putchar+0x4>
400016f0:	e1034737          	lui	a4,0xe1034
400016f4:	00a72023          	sw	a0,0(a4) # e1034000 <_stack+0xa102c000>
400016f8:	00008067          	jalr	zero,0(ra)

400016fc <timer0b_handler>:
400016fc:	a39ff06f          	jal	zero,40001134 <krnl_dispatcher>

40001700 <_hardware_init>:
40001700:	ff410113          	addi	sp,sp,-12
40001704:	00000513          	addi	a0,zero,0
40001708:	00112423          	sw	ra,8(sp)
4000170c:	a8dfe0ef          	jal	ra,40000198 <_interrupt_set>
40001710:	e1034737          	lui	a4,0xe1034
40001714:	1b200693          	addi	a3,zero,434
40001718:	00d72823          	sw	a3,16(a4) # e1034010 <_stack+0xa102c010>
4000171c:	00072023          	sw	zero,0(a4)
40001720:	e10046b7          	lui	a3,0xe1004
40001724:	0006a703          	lw	a4,0(a3) # e1004000 <_stack+0xa0ffc000>
40001728:	00812083          	lw	ra,8(sp)
4000172c:	15076713          	ori	a4,a4,336
40001730:	00e6a023          	sw	a4,0(a3)
40001734:	00c10113          	addi	sp,sp,12
40001738:	00008067          	jalr	zero,0(ra)

4000173c <_timer_enable>:
4000173c:	e10216b7          	lui	a3,0xe1021
40001740:	c006a703          	lw	a4,-1024(a3) # e1020c00 <_stack+0xa1018c00>
40001744:	00276713          	ori	a4,a4,2
40001748:	c0e6a023          	sw	a4,-1024(a3)
4000174c:	00008067          	jalr	zero,0(ra)

40001750 <_timer_disable>:
40001750:	e10216b7          	lui	a3,0xe1021
40001754:	c006a703          	lw	a4,-1024(a3) # e1020c00 <_stack+0xa1018c00>
40001758:	ffd77713          	andi	a4,a4,-3
4000175c:	c0e6a023          	sw	a4,-1024(a3)
40001760:	00008067          	jalr	zero,0(ra)

40001764 <_interrupt_tick>:
40001764:	00100513          	addi	a0,zero,1
40001768:	a31fe06f          	jal	zero,40000198 <_interrupt_set>

4000176c <_context_init>:
4000176c:	00c585b3          	add	a1,a1,a2
40001770:	00b52823          	sw	a1,16(a0)
40001774:	00d52a23          	sw	a3,20(a0)
40001778:	00008067          	jalr	zero,0(ra)
